2022-03-28 09:04:38.597  INFO 11084 --- [restartedMain] b.c.m.c.CadpessoasMarcosApplication      : Starting CadpessoasMarcosApplication using Java 11.0.14.1 on Xico-Dell with PID 11084 (C:\pweb_2021.2_marcosHenrique\u1_exercicio3\cadpessoas_marcos\target\classes started by Xico in C:\pweb_2021.2_marcosHenrique\u1_exercicio3\cadpessoas_marcos)
2022-03-28 09:04:38.605  INFO 11084 --- [restartedMain] b.c.m.c.CadpessoasMarcosApplication      : No active profile set, falling back to 1 default profile: "default"
2022-03-28 09:04:38.715  INFO 11084 --- [restartedMain] .e.DevToolsPropertyDefaultsPostProcessor : Devtools property defaults active! Set 'spring.devtools.add-properties' to 'false' to disable
2022-03-28 09:04:38.719  INFO 11084 --- [restartedMain] .e.DevToolsPropertyDefaultsPostProcessor : For additional web related logging consider setting the 'logging.level.web' property to 'DEBUG'
2022-03-28 09:04:40.239  INFO 11084 --- [restartedMain] .s.d.r.c.RepositoryConfigurationDelegate : Multiple Spring Data modules found, entering strict repository configuration mode!
2022-03-28 09:04:40.243  INFO 11084 --- [restartedMain] .s.d.r.c.RepositoryConfigurationDelegate : Bootstrapping Spring Data JDBC repositories in DEFAULT mode.
2022-03-28 09:04:40.301  INFO 11084 --- [restartedMain] .RepositoryConfigurationExtensionSupport : Spring Data JDBC - Could not safely identify store assignment for repository candidate interface br.com.marcos.cadpessoas.repositories.PessoaRepository. If you want this repository to be a JDBC repository, consider annotating your entities with one of these annotations: org.springframework.data.relational.core.mapping.Table.
2022-03-28 09:04:40.306  INFO 11084 --- [restartedMain] .s.d.r.c.RepositoryConfigurationDelegate : Finished Spring Data repository scanning in 51 ms. Found 0 JDBC repository interfaces.
2022-03-28 09:04:40.338  INFO 11084 --- [restartedMain] .s.d.r.c.RepositoryConfigurationDelegate : Multiple Spring Data modules found, entering strict repository configuration mode!
2022-03-28 09:04:40.340  INFO 11084 --- [restartedMain] .s.d.r.c.RepositoryConfigurationDelegate : Bootstrapping Spring Data JPA repositories in DEFAULT mode.
2022-03-28 09:04:40.399  INFO 11084 --- [restartedMain] .s.d.r.c.RepositoryConfigurationDelegate : Finished Spring Data repository scanning in 46 ms. Found 1 JPA repository interfaces.
2022-03-28 09:04:41.470  INFO 11084 --- [restartedMain] o.s.b.w.embedded.tomcat.TomcatWebServer  : Tomcat initialized with port(s): 8080 (http)
2022-03-28 09:04:41.489  INFO 11084 --- [restartedMain] o.apache.catalina.core.StandardService   : Starting service [Tomcat]
2022-03-28 09:04:41.492  INFO 11084 --- [restartedMain] org.apache.catalina.core.StandardEngine  : Starting Servlet engine: [Apache Tomcat/9.0.58]
2022-03-28 09:04:41.653  INFO 11084 --- [restartedMain] o.a.c.c.C.[Tomcat].[localhost].[/]       : Initializing Spring embedded WebApplicationContext
2022-03-28 09:04:41.654  INFO 11084 --- [restartedMain] w.s.c.ServletWebServerApplicationContext : Root WebApplicationContext: initialization completed in 2933 ms
2022-03-28 09:04:41.724  INFO 11084 --- [restartedMain] com.zaxxer.hikari.HikariDataSource       : HikariPool-1 - Starting...
2022-03-28 09:04:41.999  INFO 11084 --- [restartedMain] com.zaxxer.hikari.HikariDataSource       : HikariPool-1 - Start completed.
2022-03-28 09:04:42.018  INFO 11084 --- [restartedMain] o.s.b.a.h2.H2ConsoleAutoConfiguration    : H2 console available at '/h2-console'. Database available at 'jdbc:h2:mem:cadpessoas'
2022-03-28 09:04:43.372  INFO 11084 --- [restartedMain] j.LocalContainerEntityManagerFactoryBean : Initialized JPA EntityManagerFactory for persistence unit 'default'
2022-03-28 09:04:44.131  INFO 11084 --- [restartedMain] o.s.b.a.w.s.WelcomePageHandlerMapping    : Adding welcome page template: index
2022-03-28 09:04:44.459  INFO 11084 --- [restartedMain] o.s.b.d.a.OptionalLiveReloadServer       : LiveReload server is running on port 35729
2022-03-28 09:04:44.529  INFO 11084 --- [restartedMain] o.s.b.w.embedded.tomcat.TomcatWebServer  : Tomcat started on port(s): 8080 (http) with context path ''
2022-03-28 09:04:44.552  INFO 11084 --- [restartedMain] b.c.m.c.CadpessoasMarcosApplication      : Started CadpessoasMarcosApplication in 6.682 seconds (JVM running for 7.5)
2022-03-28 09:05:00.098  INFO 11084 --- [http-nio-8080-exec-1] o.a.c.c.C.[Tomcat].[localhost].[/]       : Initializing Spring DispatcherServlet 'dispatcherServlet'
2022-03-28 09:05:00.101  INFO 11084 --- [http-nio-8080-exec-1] o.s.web.servlet.DispatcherServlet        : Initializing Servlet 'dispatcherServlet'
2022-03-28 09:05:00.104  INFO 11084 --- [http-nio-8080-exec-1] o.s.web.servlet.DispatcherServlet        : Completed initialization in 1 ms
2022-03-28 09:05:19.344  INFO 11084 --- [SpringApplicationShutdownHook] j.LocalContainerEntityManagerFactoryBean : Closing JPA EntityManagerFactory for persistence unit 'default'
2022-03-28 09:05:19.577  WARN 11084 --- [SpringApplicationShutdownHook] o.s.b.f.support.DisposableBeanAdapter    : Invocation of destroy method failed on bean with name 'inMemoryDatabaseShutdownExecutor': org.h2.jdbc.JdbcSQLNonTransientConnectionException: Database is already closed (to disable automatic closing at VM shutdown, add ";DB_CLOSE_ON_EXIT=FALSE" to the db URL) [90121-200]
2022-03-28 09:05:19.580  INFO 11084 --- [SpringApplicationShutdownHook] com.zaxxer.hikari.HikariDataSource       : HikariPool-1 - Shutdown initiated...
2022-03-28 09:05:19.587  INFO 11084 --- [SpringApplicationShutdownHook] com.zaxxer.hikari.HikariDataSource       : HikariPool-1 - Shutdown completed.
